apachepoi_61300.xls
apachepoi_testEXCEL_3.xls
apachepoi_testEXCEL_4.xls
xlrd_biff4_no_format_no_window2.xls
roo_type_excelx.xls
roo_type_openoffice.xls
libreoffice_calc_csv-import_malformed-quotes.xls
ootest_cellformat_import_biff2.xls
ootest_cellformat_import_biff3.xls
ootest_cells_import_biff2.xls
ootest_cells_import_biff3.xls
ootest_cells_import_biff4.xls
ootest_drawing_import_biff3.xls
ootest_externallink_import_biff2.xls
ootest_externallink_import_biff3.xls
ootest_formula_import_biff2.xls
ootest_formula_import_biff3.xls
ootest_oleobject_import_biff3.xls
ootest_oleobject_import_biff8_12.xls
ootest_sheettypes_import_biff8_12.xls
ootest_writeprotection_import_biff3.xls
ootest_writeprotection_import_biff4.xls
